<?xml version="1.0" encoding="UTF-8"?>
<testsuites>
  <testsuite name="lib-php-common-platform" tests="9" assertions="8" failures="0" errors="0" time="0.226932">
    <testsuite name="DreamFactory\Platform\Resources\System\ConfigTest" file="/opt/dreamfactory/lib/lib-php-common-platform/tests/src/Resources/System/ConfigTest.php" tests="1" assertions="0" failures="0" errors="0" time="0.067450">
      <testcase name="testResourceEvents" class="DreamFactory\Platform\Resources\System\ConfigTest" file="/opt/dreamfactory/lib/lib-php-common-platform/tests/src/Resources/System/ConfigTest.php" line="37" assertions="0" time="0.067450"/>
    </testsuite>
    <testsuite name="DreamFactory\Platform\Services\SystemManagerTest" file="/opt/dreamfactory/lib/lib-php-common-platform/tests/src/Services/SystemManagerTest.php" tests="1" assertions="1" failures="0" errors="0" time="0.047690">
      <testcase name="testSystemManager" class="DreamFactory\Platform\Services\SystemManagerTest" file="/opt/dreamfactory/lib/lib-php-common-platform/tests/src/Services/SystemManagerTest.php" line="9" assertions="1" time="0.047690"/>
    </testsuite>
    <testsuite name="DreamFactory\Platform\Services\UserManagerTest" file="/opt/dreamfactory/lib/lib-php-common-platform/tests/src/Services/UserManagerTest.php" tests="1" assertions="1" failures="0" errors="0" time="0.036137">
      <testcase name="testUserManager" class="DreamFactory\Platform\Services\UserManagerTest" file="/opt/dreamfactory/lib/lib-php-common-platform/tests/src/Services/UserManagerTest.php" line="9" assertions="1" time="0.036137"/>
    </testsuite>
    <testsuite name="DreamFactory\Platform\Utility\PlatformTest" file="/opt/dreamfactory/lib/lib-php-common-platform/tests/src/Utility/PlatformTest.php" tests="3" assertions="3" failures="0" errors="0" time="0.041879">
      <testcase name="testGetStoragePath" class="DreamFactory\Platform\Utility\PlatformTest" file="/opt/dreamfactory/lib/lib-php-common-platform/tests/src/Utility/PlatformTest.php" line="34" assertions="1" time="0.019415"/>
      <testcase name="testGetPrivatePath" class="DreamFactory\Platform\Utility\PlatformTest" file="/opt/dreamfactory/lib/lib-php-common-platform/tests/src/Utility/PlatformTest.php" line="44" assertions="1" time="0.011106"/>
      <testcase name="testGetSnapshotPath" class="DreamFactory\Platform\Utility\PlatformTest" file="/opt/dreamfactory/lib/lib-php-common-platform/tests/src/Utility/PlatformTest.php" line="54" assertions="1" time="0.011358"/>
    </testsuite>
    <testsuite name="DreamFactory\Platform\Utility\ResourceStoreTest" file="/opt/dreamfactory/lib/lib-php-common-platform/tests/src/Utility/ResourceStoreTest.php" tests="2" assertions="0" failures="0" errors="0" time="0.023692">
      <testcase name="testGetProvider" class="DreamFactory\Platform\Utility\ResourceStoreTest" file="/opt/dreamfactory/lib/lib-php-common-platform/tests/src/Utility/ResourceStoreTest.php" line="16" assertions="0" time="0.013289"/>
      <testcase name="testGetUser" class="DreamFactory\Platform\Utility\ResourceStoreTest" file="/opt/dreamfactory/lib/lib-php-common-platform/tests/src/Utility/ResourceStoreTest.php" line="22" assertions="0" time="0.010403"/>
    </testsuite>
    <testsuite name="DreamFactory\Platform\Utility\UtilitiesTest" file="/opt/dreamfactory/lib/lib-php-common-platform/tests/src/Utility/UtilitiesTest.php" tests="1" assertions="3" failures="0" errors="0" time="0.010084">
      <testcase name="test_array_diff_recursive" class="DreamFactory\Platform\Utility\UtilitiesTest" file="/opt/dreamfactory/lib/lib-php-common-platform/tests/src/Utility/UtilitiesTest.php" line="30" assertions="3" time="0.010084"/>
    </testsuite>
  </testsuite>
</testsuites>
