<?xml version="1.0" encoding="UTF-8"?>
<testsuites>
  <testsuite name="Release" tests="9" assertions="9" failures="0" errors="0" time="0.304395">
    <testsuite name="DreamFactory\Platform\Services\SystemManagerTest" file="/opt/dreamfactory/lib/lib-php-common-platform/tests/src/Services/SystemManagerTest.php" namespace="DreamFactory\Platform\Services" fullPackage="DreamFactory.Platform.Services" tests="1" assertions="1" failures="0" errors="0" time="0.166312">
      <testcase name="testSystemManager" class="DreamFactory\Platform\Services\SystemManagerTest" file="/opt/dreamfactory/lib/lib-php-common-platform/tests/src/Services/SystemManagerTest.php" line="9" assertions="1" time="0.166312"/>
    </testsuite>
    <testsuite name="DreamFactory\Platform\Services\UserManagerTest" file="/opt/dreamfactory/lib/lib-php-common-platform/tests/src/Services/UserManagerTest.php" namespace="DreamFactory\Platform\Services" fullPackage="DreamFactory.Platform.Services" tests="1" assertions="1" failures="0" errors="0" time="0.025665">
      <testcase name="testUserManager" class="DreamFactory\Platform\Services\UserManagerTest" file="/opt/dreamfactory/lib/lib-php-common-platform/tests/src/Services/UserManagerTest.php" line="9" assertions="1" time="0.025665"/>
    </testsuite>
    <testsuite name="DreamFactory\Platform\Utility\PlatformTest" file="/opt/dreamfactory/lib/lib-php-common-platform/tests/src/Utility/PlatformTest.php" namespace="DreamFactory\Platform\Utility" fullPackage="DreamFactory.Platform.Utility" tests="4" assertions="4" failures="0" errors="0" time="0.062597">
      <testcase name="testGetStoragePath" class="DreamFactory\Platform\Utility\PlatformTest" file="/opt/dreamfactory/lib/lib-php-common-platform/tests/src/Utility/PlatformTest.php" line="33" assertions="1" time="0.032233"/>
      <testcase name="testGetPrivatePath" class="DreamFactory\Platform\Utility\PlatformTest" file="/opt/dreamfactory/lib/lib-php-common-platform/tests/src/Utility/PlatformTest.php" line="42" assertions="1" time="0.010000"/>
      <testcase name="testGetSnapshotPath" class="DreamFactory\Platform\Utility\PlatformTest" file="/opt/dreamfactory/lib/lib-php-common-platform/tests/src/Utility/PlatformTest.php" line="51" assertions="1" time="0.010284"/>
      <testcase name="testGetLibraryPath" class="DreamFactory\Platform\Utility\PlatformTest" file="/opt/dreamfactory/lib/lib-php-common-platform/tests/src/Utility/PlatformTest.php" line="60" assertions="1" time="0.010080"/>
    </testsuite>
    <testsuite name="DreamFactory\Platform\Utility\ResourceStoreTest" file="/opt/dreamfactory/lib/lib-php-common-platform/tests/src/Utility/ResourceStoreTest.php" namespace="DreamFactory\Platform\Utility" fullPackage="DreamFactory.Platform.Utility" tests="2" assertions="0" failures="0" errors="0" time="0.021426">
      <testcase name="testGetProvider" class="DreamFactory\Platform\Utility\ResourceStoreTest" file="/opt/dreamfactory/lib/lib-php-common-platform/tests/src/Utility/ResourceStoreTest.php" line="16" assertions="0" time="0.012615"/>
      <testcase name="testGetUser" class="DreamFactory\Platform\Utility\ResourceStoreTest" file="/opt/dreamfactory/lib/lib-php-common-platform/tests/src/Utility/ResourceStoreTest.php" line="22" assertions="0" time="0.008811"/>
    </testsuite>
    <testsuite name="DreamFactory\Platform\Utility\UtilitiesTest" file="/opt/dreamfactory/lib/lib-php-common-platform/tests/src/Utility/UtilitiesTest.php" namespace="DreamFactory\Platform\Utility" fullPackage="DreamFactory.Platform.Utility" tests="1" assertions="3" failures="0" errors="0" time="0.028396">
      <testcase name="test_array_diff_recursive" class="DreamFactory\Platform\Utility\UtilitiesTest" file="/opt/dreamfactory/lib/lib-php-common-platform/tests/src/Utility/UtilitiesTest.php" line="30" assertions="3" time="0.028396"/>
    </testsuite>
  </testsuite>
</testsuites>
